This is pdfTeX, Version 3.14159265-2.6-1.40.20 (TeX Live 2019/Debian) (preloaded format=pdflatex 2020.6.26)  3 JUL 2020 07:00
entering extended mode
 restricted \write18 enabled.
 %&-line parsing enabled.
**proposal_doc.tex
(./proposal_doc.tex
LaTeX2e <2020-02-02> patch level 2
L3 programming layer <2020-02-14>
(/usr/share/texlive/texmf-dist/tex/latex/base/report.cls
Document Class: report 2019/12/20 v1.4l Standard LaTeX document class
(/usr/share/texlive/texmf-dist/tex/latex/base/size10.clo
File: size10.clo 2019/12/20 v1.4l Standard LaTeX file (size option)
)
\c@part=\count167
\c@chapter=\count168
\c@section=\count169
\c@subsection=\count170
\c@subsubsection=\count171
\c@paragraph=\count172
\c@subparagraph=\count173
\c@figure=\count174
\c@table=\count175
\abovecaptionskip=\skip47
\belowcaptionskip=\skip48
\bibindent=\dimen134
)
(/usr/share/texlive/texmf-dist/tex/latex/geometry/geometry.sty
Package: geometry 2020/01/02 v5.9 Page Geometry

(/usr/share/texlive/texmf-dist/tex/latex/graphics/keyval.sty
Package: keyval 2014/10/28 v1.15 key=value parser (DPC)
\KV@toks@=\toks14
)
(/usr/share/texlive/texmf-dist/tex/generic/iftex/ifvtex.sty
Package: ifvtex 2019/10/25 v1.7 ifvtex legacy package. Use iftex instead.

(/usr/share/texlive/texmf-dist/tex/generic/iftex/iftex.sty
Package: iftex 2019/11/07 v1.0c TeX engine tests
))
\Gm@cnth=\count176
\Gm@cntv=\count177
\c@Gm@tempcnt=\count178
\Gm@bindingoffset=\dimen135
\Gm@wd@mp=\dimen136
\Gm@odd@mp=\dimen137
\Gm@even@mp=\dimen138
\Gm@layoutwidth=\dimen139
\Gm@layoutheight=\dimen140
\Gm@layouthoffset=\dimen141
\Gm@layoutvoffset=\dimen142
\Gm@dimlist=\toks15
)
(/usr/share/texlive/texmf-dist/tex/latex/base/fontenc.sty
Package: fontenc 2020/02/11 v2.0o Standard LaTeX package
)
(/usr/share/texlive/texmf-dist/tex/latex/base/textcomp.sty
Package: textcomp 2020/02/02 v2.0n Standard LaTeX package
)
(/usr/share/texlive/texmf-dist/tex/latex/base/inputenc.sty
Package: inputenc 2018/08/11 v1.3c Input encoding file
\inpenc@prehook=\toks16
\inpenc@posthook=\toks17
)
(/usr/share/texlive/texmf-dist/tex/generic/babel/babel.sty
Package: babel 2020/02/14 3.40 The Babel package

(/usr/share/texlive/texmf-dist/tex/generic/babel/switch.def
File: switch.def 2020/02/14 3.40 Babel switching mechanism
)
(/usr/share/texlive/texmf-dist/tex/generic/babel-english/english.ldf
Language: english 2017/06/06 v3.3r English support from the babel system

(/usr/share/texlive/texmf-dist/tex/generic/babel/babel.def
File: babel.def 2020/02/14 3.40 Babel common definitions
\babel@savecnt=\count179
\U@D=\dimen143

(/usr/share/texlive/texmf-dist/tex/generic/babel/txtbabel.def)
\bbl@readstream=\read2
\bbl@dirlevel=\count180
)
Package babel Info: \l@british = using hyphenrules for english
(babel)             (\language0) on input line 82.
Package babel Info: \l@UKenglish = using hyphenrules for english
(babel)             (\language0) on input line 83.
Package babel Info: \l@canadian = using hyphenrules for english
(babel)             (\language0) on input line 102.
Package babel Info: \l@australian = using hyphenrules for english
(babel)             (\language0) on input line 105.
Package babel Info: \l@newzealand = using hyphenrules for english
(babel)             (\language0) on input line 108.
))
(/usr/share/texlive/texmf-dist/tex/latex/float/float.sty
Package: float 2001/11/08 v1.3d Float enhancements (AL)
\c@float@type=\count181
\float@exts=\toks18
\float@box=\box45
\@float@everytoks=\toks19
\@floatcapt=\box46
)
(/usr/share/texlive/texmf-dist/tex/latex/tools/calc.sty
Package: calc 2017/05/25 v4.3 Infix arithmetic (KKT,FJ)
\calc@Acount=\count182
\calc@Bcount=\count183
\calc@Adimen=\dimen144
\calc@Bdimen=\dimen145
\calc@Askip=\skip49
\calc@Bskip=\skip50
LaTeX Info: Redefining \setlength on input line 80.
LaTeX Info: Redefining \addtolength on input line 81.
\calc@Ccount=\count184
\calc@Cskip=\skip51
)
(/usr/share/texlive/texmf-dist/tex/latex/graphics/graphicx.sty
Package: graphicx 2019/11/30 v1.2a Enhanced LaTeX Graphics (DPC,SPQR)

(/usr/share/texlive/texmf-dist/tex/latex/graphics/graphics.sty
Package: graphics 2019/11/30 v1.4a Standard LaTeX Graphics (DPC,SPQR)

(/usr/share/texlive/texmf-dist/tex/latex/graphics/trig.sty
Package: trig 2016/01/03 v1.10 sin cos tan (DPC)
)
(/usr/share/texlive/texmf-dist/tex/latex/graphics-cfg/graphics.cfg
File: graphics.cfg 2016/06/04 v1.11 sample graphics configuration
)
Package graphics Info: Driver file: pdftex.def on input line 105.

(/usr/share/texlive/texmf-dist/tex/latex/graphics-def/pdftex.def
File: pdftex.def 2018/01/08 v1.0l Graphics/color driver for pdftex
))
\Gin@req@height=\dimen146
\Gin@req@width=\dimen147
)
(/usr/share/texlive/texmf-dist/tex/latex/setspace/setspace.sty
Package: setspace 2011/12/19 v6.7a set line spacing
)
(/usr/share/texlive/texmf-dist/tex/latex/hyperref/hyperref.sty
Package: hyperref 2020/01/14 v7.00d Hypertext links for LaTeX

(/usr/share/texlive/texmf-dist/tex/generic/ltxcmds/ltxcmds.sty
Package: ltxcmds 2019/12/15 v1.24 LaTeX kernel commands for general use (HO)
)
(/usr/share/texlive/texmf-dist/tex/latex/pdftexcmds/pdftexcmds.sty
Package: pdftexcmds 2019/11/24 v0.31 Utility functions of pdfTeX for LuaTeX (HO
)

(/usr/share/texlive/texmf-dist/tex/generic/infwarerr/infwarerr.sty
Package: infwarerr 2019/12/03 v1.5 Providing info/warning/error messages (HO)
)
Package pdftexcmds Info: \pdf@primitive is available.
Package pdftexcmds Info: \pdf@ifprimitive is available.
Package pdftexcmds Info: \pdfdraftmode found.
)
(/usr/share/texlive/texmf-dist/tex/generic/kvsetkeys/kvsetkeys.sty
Package: kvsetkeys 2019/12/15 v1.18 Key value parser (HO)
)
(/usr/share/texlive/texmf-dist/tex/generic/kvdefinekeys/kvdefinekeys.sty
Package: kvdefinekeys 2019-12-19 v1.6 Define keys (HO)
)
(/usr/share/texlive/texmf-dist/tex/generic/pdfescape/pdfescape.sty
Package: pdfescape 2019/12/09 v1.15 Implements pdfTeX's escape features (HO)
)
(/usr/share/texlive/texmf-dist/tex/latex/hycolor/hycolor.sty
Package: hycolor 2020-01-27 v1.10 Color options for hyperref/bookmark (HO)
)
(/usr/share/texlive/texmf-dist/tex/latex/letltxmacro/letltxmacro.sty
Package: letltxmacro 2019/12/03 v1.6 Let assignment for LaTeX macros (HO)
)
(/usr/share/texlive/texmf-dist/tex/latex/auxhook/auxhook.sty
Package: auxhook 2019-12-17 v1.6 Hooks for auxiliary files (HO)
)
(/usr/share/texlive/texmf-dist/tex/latex/kvoptions/kvoptions.sty
Package: kvoptions 2019/11/29 v3.13 Key value format for package options (HO)
)
\@linkdim=\dimen148
\Hy@linkcounter=\count185
\Hy@pagecounter=\count186

(/usr/share/texlive/texmf-dist/tex/latex/hyperref/pd1enc.def
File: pd1enc.def 2020/01/14 v7.00d Hyperref: PDFDocEncoding definition (HO)
Now handling font encoding PD1 ...
... no UTF-8 mapping file for font encoding PD1
)
(/usr/share/texlive/texmf-dist/tex/generic/intcalc/intcalc.sty
Package: intcalc 2019/12/15 v1.3 Expandable calculations with integers (HO)
)
(/usr/share/texlive/texmf-dist/tex/generic/etexcmds/etexcmds.sty
Package: etexcmds 2019/12/15 v1.7 Avoid name clashes with e-TeX commands (HO)
)
\Hy@SavedSpaceFactor=\count187
\pdfmajorversion=\count188
Package hyperref Info: Hyper figures OFF on input line 4547.
Package hyperref Info: Link nesting OFF on input line 4552.
Package hyperref Info: Hyper index ON on input line 4555.
Package hyperref Info: Plain pages OFF on input line 4562.
Package hyperref Info: Backreferencing OFF on input line 4567.
Package hyperref Info: Implicit mode ON; LaTeX internals redefined.
Package hyperref Info: Bookmarks ON on input line 4800.
\c@Hy@tempcnt=\count189

(/usr/share/texlive/texmf-dist/tex/latex/url/url.sty
\Urlmuskip=\muskip16
Package: url 2013/09/16  ver 3.4  Verb mode for urls, etc.
)
LaTeX Info: Redefining \url on input line 5159.
\XeTeXLinkMargin=\dimen149

(/usr/share/texlive/texmf-dist/tex/generic/bitset/bitset.sty
Package: bitset 2019/12/09 v1.3 Handle bit-vector datatype (HO)

(/usr/share/texlive/texmf-dist/tex/generic/bigintcalc/bigintcalc.sty
Package: bigintcalc 2019/12/15 v1.5 Expandable calculations on big integers (HO
)
))
\Fld@menulength=\count190
\Field@Width=\dimen150
\Fld@charsize=\dimen151
Package hyperref Info: Hyper figures OFF on input line 6430.
Package hyperref Info: Link nesting OFF on input line 6435.
Package hyperref Info: Hyper index ON on input line 6438.
Package hyperref Info: backreferencing OFF on input line 6445.
Package hyperref Info: Link coloring OFF on input line 6450.
Package hyperref Info: Link coloring with OCG OFF on input line 6455.
Package hyperref Info: PDF/A mode OFF on input line 6460.
LaTeX Info: Redefining \ref on input line 6500.
LaTeX Info: Redefining \pageref on input line 6504.

(/usr/share/texlive/texmf-dist/tex/generic/atbegshi/atbegshi.sty
Package: atbegshi 2019/12/05 v1.19 At begin shipout hook (HO)
)
\Hy@abspage=\count191
\c@Item=\count192
\c@Hfootnote=\count193
)
Package hyperref Info: Driver (autodetected): hpdftex.

(/usr/share/texlive/texmf-dist/tex/latex/hyperref/hpdftex.def
File: hpdftex.def 2020/01/14 v7.00d Hyperref driver for pdfTeX

(/usr/share/texlive/texmf-dist/tex/latex/atveryend/atveryend.sty
Package: atveryend 2019-12-11 v1.11 Hooks at the very end of document (HO)
Package atveryend Info: \enddocument detected (standard20110627).
)
\Fld@listcount=\count194
\c@bookmark@seq@number=\count195

(/usr/share/texlive/texmf-dist/tex/latex/rerunfilecheck/rerunfilecheck.sty
Package: rerunfilecheck 2019/12/05 v1.9 Rerun checks for auxiliary files (HO)

(/usr/share/texlive/texmf-dist/tex/generic/uniquecounter/uniquecounter.sty
Package: uniquecounter 2019/12/15 v1.4 Provide unlimited unique counter (HO)
)
Package uniquecounter Info: New unique counter `rerunfilecheck' on input line 2
86.
)
\Hy@SectionHShift=\skip52
)
(/usr/share/texlive/texmf-dist/tex/latex/amsfonts/amssymb.sty
Package: amssymb 2013/01/14 v3.01 AMS font symbols

(/usr/share/texlive/texmf-dist/tex/latex/amsfonts/amsfonts.sty
Package: amsfonts 2013/01/14 v3.01 Basic AMSFonts support
\@emptytoks=\toks20
\symAMSa=\mathgroup4
\symAMSb=\mathgroup5
LaTeX Font Info:    Redeclaring math symbol \hbar on input line 98.
LaTeX Font Info:    Overwriting math alphabet `\mathfrak' in version `bold'
(Font)                  U/euf/m/n --> U/euf/b/n on input line 106.
))
(/usr/share/texlive/texmf-dist/tex/latex/mathtools/mathtools.sty
Package: mathtools 2020/01/17 v1.23 mathematical typesetting tools

(/usr/share/texlive/texmf-dist/tex/latex/mathtools/mhsetup.sty
Package: mhsetup 2017/03/31 v1.3 programming setup (MH)
)
(/usr/share/texlive/texmf-dist/tex/latex/amsmath/amsmath.sty
Package: amsmath 2020/01/20 v2.17e AMS math features
\@mathmargin=\skip53

For additional information on amsmath, use the `?' option.
(/usr/share/texlive/texmf-dist/tex/latex/amsmath/amstext.sty
Package: amstext 2000/06/29 v2.01 AMS text

(/usr/share/texlive/texmf-dist/tex/latex/amsmath/amsgen.sty
File: amsgen.sty 1999/11/30 v2.0 generic functions
\@emptytoks=\toks21
\ex@=\dimen152
))
(/usr/share/texlive/texmf-dist/tex/latex/amsmath/amsbsy.sty
Package: amsbsy 1999/11/29 v1.2d Bold Symbols
\pmbraise@=\dimen153
)
(/usr/share/texlive/texmf-dist/tex/latex/amsmath/amsopn.sty
Package: amsopn 2016/03/08 v2.02 operator names
)
\inf@bad=\count196
LaTeX Info: Redefining \frac on input line 227.
\uproot@=\count197
\leftroot@=\count198
LaTeX Info: Redefining \overline on input line 389.
\classnum@=\count199
\DOTSCASE@=\count266
LaTeX Info: Redefining \ldots on input line 486.
LaTeX Info: Redefining \dots on input line 489.
LaTeX Info: Redefining \cdots on input line 610.
\Mathstrutbox@=\box47
\strutbox@=\box48
\big@size=\dimen154
LaTeX Font Info:    Redeclaring font encoding OML on input line 733.
LaTeX Font Info:    Redeclaring font encoding OMS on input line 734.
\macc@depth=\count267
\c@MaxMatrixCols=\count268
\dotsspace@=\muskip17
\c@parentequation=\count269
\dspbrk@lvl=\count270
\tag@help=\toks22
\row@=\count271
\column@=\count272
\maxfields@=\count273
\andhelp@=\toks23
\eqnshift@=\dimen155
\alignsep@=\dimen156
\tagshift@=\dimen157
\tagwidth@=\dimen158
\totwidth@=\dimen159
\lineht@=\dimen160
\@envbody=\toks24
\multlinegap=\skip54
\multlinetaggap=\skip55
\mathdisplay@stack=\toks25
LaTeX Info: Redefining \[ on input line 2859.
LaTeX Info: Redefining \] on input line 2860.
)
LaTeX Info: Thecontrolsequence`\('isalreadyrobust on input line 129.
LaTeX Info: Thecontrolsequence`\)'isalreadyrobust on input line 129.
LaTeX Info: Thecontrolsequence`\['isalreadyrobust on input line 129.
LaTeX Info: Thecontrolsequence`\]'isalreadyrobust on input line 129.
\g_MT_multlinerow_int=\count274
\l_MT_multwidth_dim=\dimen161
\origjot=\skip56
\l_MT_shortvdotswithinadjustabove_dim=\dimen162
\l_MT_shortvdotswithinadjustbelow_dim=\dimen163
\l_MT_above_intertext_sep=\dimen164
\l_MT_below_intertext_sep=\dimen165
\l_MT_above_shortintertext_sep=\dimen166
\l_MT_below_shortintertext_sep=\dimen167
)
(/usr/share/texlive/texmf-dist/tex/latex/psnfss/pifont.sty
Package: pifont 2005/04/12 PSNFSS-v9.2a Pi font support (SPQR) 
LaTeX Font Info:    Trying to load font information for U+pzd on input line 63.


(/usr/share/texlive/texmf-dist/tex/latex/psnfss/upzd.fd
File: upzd.fd 2001/06/04 font definitions for U/pzd.
)
LaTeX Font Info:    Trying to load font information for U+psy on input line 64.


(/usr/share/texlive/texmf-dist/tex/latex/psnfss/upsy.fd
File: upsy.fd 2001/06/04 font definitions for U/psy.
))
(/usr/share/texlive/texmf-dist/tex/latex/psnfss/courier.sty
Package: courier 2005/04/12 PSNFSS-v9.2a (WaS) 
)
(/usr/share/texlive/texmf-dist/tex/latex/changepage/changepage.sty
Package: changepage 2009/10/20 v1.0c check page and change page layout
\c@cp@cntr=\count275
\cp@tempcnt=\count276
)
(/usr/share/texlive/texmf-dist/tex/latex/acro/acro.sty
(/usr/share/texlive/texmf-dist/tex/latex/l3kernel/expl3.sty
Package: expl3 2020-02-14 L3 programming layer (loader) 

(/usr/share/texlive/texmf-dist/tex/latex/l3backend/l3backend-pdfmode.def
File: l3backend-pdfmode.def 2020-02-03 L3 backend support: PDF mode
\l__kernel_color_stack_int=\count277
\l__pdf_internal_box=\box49
))
(/usr/share/texlive/texmf-dist/tex/latex/l3packages/xparse/xparse.sty
Package: xparse 2020-02-14 L3 Experimental document command parser
\l__xparse_current_arg_int=\count278
\g__xparse_grabber_int=\count279
\l__xparse_m_args_int=\count280
\l__xparse_v_nesting_int=\count281
)
(/usr/share/texlive/texmf-dist/tex/latex/l3packages/xtemplate/xtemplate.sty
Package: xtemplate 2020-02-14 L3 Experimental prototype document functions
\l__xtemplate_tmp_dim=\dimen168
\l__xtemplate_tmp_int=\count282
\l__xtemplate_tmp_muskip=\muskip18
\l__xtemplate_tmp_skip=\skip57
)
(/usr/share/texlive/texmf-dist/tex/latex/l3packages/l3keys2e/l3keys2e.sty
Package: l3keys2e 2020-02-14 LaTeX2e option processing using LaTeX3 keys
)
(/usr/share/texlive/texmf-dist/tex/latex/etoolbox/etoolbox.sty
Package: etoolbox 2019/09/21 v2.5h e-TeX tools for LaTeX (JAW)
\etb@tempcnta=\count283
)
Package: acro 2020/02/03 v2.11c Typeset Acronyms
\l__acro_tmpa_int=\count284
\l__acro_tmpb_int=\count285
\l__acro_tmpc_int=\count286
\l__acro_tmpd_int=\count287
\l__acro_page_space_skip=\skip58
\l__acro_short_width_dim=\dimen169
\g__acro_barrier_int=\count288

Package xtemplate Info: Declaring object type 'acro-first' taking 2
(xtemplate)             argument(s) on line 912.


Package xtemplate Info: Declaring object type 'acro-extra' taking 1
(xtemplate)             argument(s) on line 1041.


(/usr/share/texlive/texmf-dist/tex/latex/zref/zref-abspage.sty
Package: zref-abspage 2019/11/29 v2.28 Module abspage for zref (HO)

(/usr/share/texlive/texmf-dist/tex/latex/zref/zref-base.sty
Package: zref-base 2019/11/29 v2.28 Module base for zref (HO)
Package zref Info: New property list: main on input line 763.
Package zref Info: New property: default on input line 764.
Package zref Info: New property: page on input line 765.
)
\c@abspage=\count289
Package zref Info: New property: abspage on input line 66.
)

Package xtemplate Info: Declaring object type 'acro-page-number' taking 1
(xtemplate)             argument(s) on line 1271.


Package xtemplate Info: Declaring object type 'acro-title' taking 1
(xtemplate)             argument(s) on line 1340.


Package xtemplate Info: Declaring object type 'acro-list' taking 2 argument(s)
(xtemplate)             on line 1378.


(/usr/share/texlive/texmf-dist/tex/latex/translations/translations.sty
Package: translations 2017/08/31 v1.7a internationalization of LaTeX2e packages
 (CN)

(/usr/share/texlive/texmf-dist/tex/latex/koma-script/scrlfile.sty
Package: scrlfile 2020/01/24 v3.29 KOMA-Script package (loading files)
))
(/usr/share/texlive/texmf-dist/tex/latex/acro/acro.definitions.tex))
(/usr/share/texlive/texmf-dist/tex/latex/listings/listings.sty
\lst@mode=\count290
\lst@gtempboxa=\box50
\lst@token=\toks26
\lst@length=\count291
\lst@currlwidth=\dimen170
\lst@column=\count292
\lst@pos=\count293
\lst@lostspace=\dimen171
\lst@width=\dimen172
\lst@newlines=\count294
\lst@lineno=\count295
\lst@maxwidth=\dimen173

(/usr/share/texlive/texmf-dist/tex/latex/listings/lstmisc.sty
File: lstmisc.sty 2019/09/10 1.8c (Carsten Heinz)
\c@lstnumber=\count296
\lst@skipnumbers=\count297
\lst@framebox=\box51
)
(/usr/share/texlive/texmf-dist/tex/latex/listings/listings.cfg
File: listings.cfg 2019/09/10 1.8c listings configuration
))
Package: listings 2019/09/10 1.8c (Carsten Heinz)

(/usr/share/texlive/texmf-dist/tex/latex/relsize/relsize.sty
Package: relsize 2013/03/29 ver 4.1
)
\@input{proposal_acc.aux}
\openout2 = `proposal_acc.aux'.

(./proposal_acc.tex) (./proposal_doc.aux (./chapters/abstract.aux)
(./chapters/chapter01.aux) (./chapters/chapter02.aux) (./chapters/chapter03.aux
) (./chapters/chapter04.aux) (./chapters/chapter05.aux)
(./chapters/chapter06.aux) (./chapters/chapter07.aux))
\openout1 = `proposal_doc.aux'.

LaTeX Font Info:    Checking defaults for OML/cmm/m/it on input line 55.
LaTeX Font Info:    ... okay on input line 55.
LaTeX Font Info:    Checking defaults for OMS/cmsy/m/n on input line 55.
LaTeX Font Info:    ... okay on input line 55.
LaTeX Font Info:    Checking defaults for OT1/cmr/m/n on input line 55.
LaTeX Font Info:    ... okay on input line 55.
LaTeX Font Info:    Checking defaults for T1/cmr/m/n on input line 55.
LaTeX Font Info:    ... okay on input line 55.
LaTeX Font Info:    Checking defaults for TS1/cmr/m/n on input line 55.
LaTeX Font Info:    ... okay on input line 55.
LaTeX Font Info:    Checking defaults for OMX/cmex/m/n on input line 55.
LaTeX Font Info:    ... okay on input line 55.
LaTeX Font Info:    Checking defaults for U/cmr/m/n on input line 55.
LaTeX Font Info:    ... okay on input line 55.
LaTeX Font Info:    Checking defaults for PD1/pdf/m/n on input line 55.
LaTeX Font Info:    ... okay on input line 55.

*geometry* driver: auto-detecting
*geometry* detected driver: pdftex
*geometry* verbose mode - [ preamble ] result:
* driver: pdftex
* paper: <default>
* layout: <same size as paper>
* layoutoffset:(h,v)=(0.0pt,0.0pt)
* modes: 
* h-part:(L,W,R)=(90.3375pt, 433.62001pt, 90.3375pt)
* v-part:(T,H,B)=(90.3375pt, 614.295pt, 90.3375pt)
* \paperwidth=614.295pt
* \paperheight=794.96999pt
* \textwidth=433.62001pt
* \textheight=614.295pt
* \oddsidemargin=18.0675pt
* \evensidemargin=18.0675pt
* \topmargin=-18.9325pt
* \headheight=12.0pt
* \headsep=25.0pt
* \topskip=10.0pt
* \footskip=30.0pt
* \marginparwidth=65.0pt
* \marginparsep=11.0pt
* \columnsep=10.0pt
* \skip\footins=9.0pt plus 4.0pt minus 2.0pt
* \hoffset=0.0pt
* \voffset=0.0pt
* \mag=1000
* \@twocolumnfalse
* \@twosidefalse
* \@mparswitchfalse
* \@reversemarginfalse
* (1in=72.27pt=25.4mm, 1cm=28.453pt)

(/usr/share/texlive/texmf-dist/tex/context/base/mkii/supp-pdf.mkii
[Loading MPS to PDF converter (version 2006.09.02).]
\scratchcounter=\count298
\scratchdimen=\dimen174
\scratchbox=\box52
\nofMPsegments=\count299
\nofMParguments=\count300
\everyMPshowfont=\toks27
\MPscratchCnt=\count301
\MPscratchDim=\dimen175
\MPnumerator=\count302
\makeMPintoPDFobject=\count303
\everyMPtoPDFconversion=\toks28
) (/usr/share/texlive/texmf-dist/tex/latex/epstopdf-pkg/epstopdf-base.sty
Package: epstopdf-base 2020-01-24 v2.11 Base part for package epstopdf
Package epstopdf-base Info: Redefining graphics rule for `.eps' on input line 4
85.

(/usr/share/texlive/texmf-dist/tex/latex/latexconfig/epstopdf-sys.cfg
File: epstopdf-sys.cfg 2010/07/13 v1.3 Configuration of (r)epstopdf for TeX Liv
e
))
\AtBeginShipoutBox=\box53
Package hyperref Info: Link coloring OFF on input line 55.

(/usr/share/texlive/texmf-dist/tex/latex/hyperref/nameref.sty
Package: nameref 2019/09/16 v2.46 Cross-referencing by name of section

(/usr/share/texlive/texmf-dist/tex/latex/refcount/refcount.sty
Package: refcount 2019/12/15 v3.6 Data extraction from label references (HO)
)
(/usr/share/texlive/texmf-dist/tex/generic/gettitlestring/gettitlestring.sty
Package: gettitlestring 2019/12/15 v1.6 Cleanup title references (HO)
)
\c@section@level=\count304
)
LaTeX Info: Redefining \ref on input line 55.
LaTeX Info: Redefining \pageref on input line 55.
LaTeX Info: Redefining \nameref on input line 55.

(./proposal_doc.out) (./proposal_doc.out)
\@outlinefile=\write3
\openout3 = `proposal_doc.out'.


(/usr/share/texlive/texmf-dist/tex/latex/translations/translations-basic-dictio
nary-english.trsl
File: translations-basic-dictionary-english.trsl (english translation file `tra
nslations-basic-dictionary')
)
Package translations Info: loading dictionary `translations-basic-dictionary' f
or `english'. on input line 55.
\c@lstlisting=\count305
LaTeX Font Info:    Trying to load font information for U+msa on input line 74.

 (/usr/share/texlive/texmf-dist/tex/latex/amsfonts/umsa.fd
File: umsa.fd 2013/01/14 v3.01 AMS symbols A
)
LaTeX Font Info:    Trying to load font information for U+msb on input line 74.


(/usr/share/texlive/texmf-dist/tex/latex/amsfonts/umsb.fd
File: umsb.fd 2013/01/14 v3.01 AMS symbols B
) [1



{/var/lib/texmf/fonts/map/pdftex/updmap/pdftex.map}]
\openout2 = `chapters/abstract.aux'.

 (./chapters/abstract.tex)pdfTeX warning (ext4): destination with the same iden
tifier (name{page.}) has been already used, duplicate ignored
<to be read again> 
                   \relax 
l.79 \include{chapters/abstract}
                                 [1

] (./proposal_doc.toc [1


] [2] [3])
\tf@toc=\write4
\openout4 = `proposal_doc.toc'.

 [4]
(./proposal_doc.lof)
\tf@lof=\write5
\openout5 = `proposal_doc.lof'.

 [5

] (./proposal_doc.lot)
\tf@lot=\write6
\openout6 = `proposal_doc.lot'.

 [6

]
Chapter 1.
[1

]
\openout2 = `chapters/chapter01.aux'.

 (./chapters/chapter01.tex [2

]
<diagram-rnn01.png, id=588, 321.2pt x 361.35pt>
File: diagram-rnn01.png Graphic file (type png)
<use diagram-rnn01.png>
Package pdftex.def Info: diagram-rnn01.png  used on input line 30.
(pdftex.def)             Requested size: 160.59961pt x 180.67456pt.
 [3 <./diagram-rnn01.png>] [4]
<diagram-embedding.png, id=608, 351.3125pt x 351.3125pt>
File: diagram-embedding.png Graphic file (type png)
<use diagram-embedding.png>
Package pdftex.def Info: diagram-embedding.png  used on input line 91.
(pdftex.def)             Requested size: 175.6558pt x 175.6558pt.
 [5] [6 <./diagram-embedding.png>] [7] [8]
<diagram-nmt03.png, id=631, 193.9245pt x 61.4295pt>
File: diagram-nmt03.png Graphic file (type png)
<use diagram-nmt03.png>
Package pdftex.def Info: diagram-nmt03.png  used on input line 150.
(pdftex.def)             Requested size: 387.84802pt x 122.85867pt.
 [9 <./diagram-nmt03.png>] [10] [11]

LaTeX Font Warning: Command \boldmath invalid in math mode on input line 204.


LaTeX Font Warning: Command \mathversion invalid in math mode on input line 204
.


LaTeX Font Warning: Command \unboldmath invalid in math mode on input line 211.



LaTeX Font Warning: Command \mathversion invalid in math mode on input line 211
.


LaTeX Font Warning: Command \boldmath invalid in math mode on input line 219.


LaTeX Font Warning: Command \mathversion invalid in math mode on input line 219
.


LaTeX Font Warning: Command \unboldmath invalid in math mode on input line 223.



LaTeX Font Warning: Command \mathversion invalid in math mode on input line 223
.

[12]
<Figure_1.png, id=666, 462.528pt x 346.896pt>
File: Figure_1.png Graphic file (type png)
<use Figure_1.png>
Package pdftex.def Info: Figure_1.png  used on input line 247.
(pdftex.def)             Requested size: 231.26343pt x 173.44757pt.
) [13 <./Figure_1.png>] [14]
Chapter 2.
[15


]
\openout2 = `chapters/chapter02.aux'.

 (./chapters/chapter02.tex [16

]
<diagram-mat04.png, id=686, 161.8848pt x 220.6644pt>
File: diagram-mat04.png Graphic file (type png)
<use diagram-mat04.png>
Package pdftex.def Info: diagram-mat04.png  used on input line 47.
(pdftex.def)             Requested size: 242.8266pt x 330.99577pt.
 [17]
<diagram-mat01.png, id=693, 321.2pt x 361.35pt>
File: diagram-mat01.png Graphic file (type png)
<use diagram-mat01.png>
Package pdftex.def Info: diagram-mat01.png  used on input line 68.
(pdftex.def)             Requested size: 160.59961pt x 180.67456pt.
 [18 <./diagram-mat04.png>] [19 <./diagram-mat01.png>]
<diagram-mat07.png, id=707, 321.2pt x 361.35pt>
File: diagram-mat07.png Graphic file (type png)
<use diagram-mat07.png>
Package pdftex.def Info: diagram-mat07.png  used on input line 105.
(pdftex.def)             Requested size: 160.59961pt x 180.67456pt.
<diagram-mat02.png, id=708, 321.2pt x 361.35pt>
File: diagram-mat02.png Graphic file (type png)
<use diagram-mat02.png>
Package pdftex.def Info: diagram-mat02.png  used on input line 123.
(pdftex.def)             Requested size: 160.59961pt x 180.67456pt.
 [20 <./diagram-mat07.png>]
<diagram-flow1.png, id=716, 284.262pt x 260.172pt>
File: diagram-flow1.png Graphic file (type png)
<use diagram-flow1.png>
Package pdftex.def Info: diagram-flow1.png  used on input line 139.
(pdftex.def)             Requested size: 284.26129pt x 260.17134pt.
 [21 <./diagram-mat02.png>]
<diagram-flow-decoder02.png, id=723, 229.3368pt x 258.7266pt>
File: diagram-flow-decoder02.png Graphic file (type png)
<use diagram-flow-decoder02.png>
Package pdftex.def Info: diagram-flow-decoder02.png  used on input line 159.
(pdftex.def)             Requested size: 286.6703pt x 323.40741pt.
 [22 <./diagram-flow1.png>] [23 <./diagram-flow-decoder02.png>]
<diagram-mask01.png, id=735, 154.176pt x 204.765pt>
File: diagram-mask01.png Graphic file (type png)
<use diagram-mask01.png>
Package pdftex.def Info: diagram-mask01.png  used on input line 186.
(pdftex.def)             Requested size: 192.7195pt x 255.9556pt.
 [24 <./diagram-mask01.png>]
<Figure_3.png, id=741, 98.769pt x 63.3567pt>
File: Figure_3.png Graphic file (type png)
<use Figure_3.png>
Package pdftex.def Info: Figure_3.png  used on input line 211.
(pdftex.def)             Requested size: 197.53748pt x 126.71307pt.
 [25 <./Figure_3.png>]
<diagram-mat05.png, id=749, 46.0119pt x 89.133pt>
File: diagram-mat05.png Graphic file (type png)
<use diagram-mat05.png>
Package pdftex.def Info: diagram-mat05.png  used on input line 247.
(pdftex.def)             Requested size: 138.03534pt x 267.3983pt.
 [26] [27 <./diagram-mat05.png (PNG copy)>] [28]
<Figure_4.png, id=769, 84.7968pt x 46.2528pt>
File: Figure_4.png Graphic file (type png)
<use Figure_4.png>
Package pdftex.def Info: Figure_4.png  used on input line 311.
(pdftex.def)             Requested size: 169.59314pt x 92.50537pt.

[29]) [30 <./Figure_4.png>]
Chapter 3.
[31


]
\openout2 = `chapters/chapter03.aux'.

 (./chapters/chapter03.tex [32

] [33] [34]
<diagram-pic01.png, id=801, 2581.645pt x 2477.255pt>
File: diagram-pic01.png Graphic file (type png)
<use diagram-pic01.png>
Package pdftex.def Info: diagram-pic01.png  used on input line 121.
(pdftex.def)             Requested size: 258.17963pt x 247.74pt.
 [35] [36 <./diagram-pic01.png>]
[37] [38]
Overfull \hbox (23.27394pt too wide) in paragraph at lines 192--193
[]\T1/cmr/m/n/10 There are three files mis-named. They can be found at `\T1/cmr
/bx/n/10 /usr/lib/python3.7/site-packages/torch/\T1/cmr/m/n/10 '.
 []


Overfull \hbox (28.67174pt too wide) in paragraph at lines 194--195
\T1/cmr/m/n/10 tion. This pro-duces the fol-low-ing er-ror: `\T1/cmr/bx/n/10 Im
portError: /usr/lib/x86_64-linux-gnu/libstdc++.so.6:
 []

[39]
LaTeX Font Info:    Trying to load font information for T1+pcr on input line 22
0.
 (/usr/share/texlive/texmf-dist/tex/latex/psnfss/t1pcr.fd
File: t1pcr.fd 2001/06/04 font definitions for T1/pcr.
) [40] [41])
[42]
Chapter 4.
[43


]
\openout2 = `chapters/chapter04.aux'.

 (./chapters/chapter04.tex [44

] [45] [46] [47] [48] [49] [50]
<Figure_2.png, id=882, 86.0013pt x 57.816pt>
File: Figure_2.png Graphic file (type png)
<use Figure_2.png>
Package pdftex.def Info: Figure_2.png  used on input line 233.
(pdftex.def)             Requested size: 301.00374pt x 202.35544pt.
 [51] [52 <./Figure_2.png>] [53] [54] [55] [56] [57] [58]) [59]
Chapter 5.
[60


]
\openout2 = `chapters/chapter05.aux'.

 (./chapters/chapter05.tex [61

] [62] [63] [64] [65] [66]
<diagram-jetson-nano.png, id=958, 2440.11626pt x 2175.12625pt>
File: diagram-jetson-nano.png Graphic file (type png)
<use diagram-jetson-nano.png>
Package pdftex.def Info: diagram-jetson-nano.png  used on input line 135.
(pdftex.def)             Requested size: 244.02592pt x 217.52536pt.
) [67 <./diagram-jetson-nano.png>]
Chapter 6.
[68


]
\openout2 = `chapters/chapter06.aux'.

 (./chapters/chapter06.tex [69

]
<diagram-word02.png, id=973, 607.26875pt x 341.275pt>
File: diagram-word02.png Graphic file (type png)
<use diagram-word02.png>
Package pdftex.def Info: diagram-word02.png  used on input line 33.
(pdftex.def)             Requested size: 455.45045pt x 255.95561pt.

Overfull \hbox (21.83044pt too wide) in paragraph at lines 33--34
 [] 
 []

[70]
<diagram-word01.png, id=978, 607.26875pt x 341.275pt>
File: diagram-word01.png Graphic file (type png)
<use diagram-word01.png>
Package pdftex.def Info: diagram-word01.png  used on input line 49.
(pdftex.def)             Requested size: 455.45045pt x 255.95561pt.

Overfull \hbox (21.83044pt too wide) in paragraph at lines 49--50
 [] 
 []

[71 <./diagram-word02.png>] [72 <./diagram-word01.png>]
<Figure_8.png, id=991, 607.26875pt x 341.275pt>
File: Figure_8.png Graphic file (type png)
<use Figure_8.png>
Package pdftex.def Info: Figure_8.png  used on input line 70.
(pdftex.def)             Requested size: 455.45045pt x 255.95561pt.

Overfull \hbox (21.83044pt too wide) in paragraph at lines 70--71
 [] 
 []

[73 <./Figure_8.png>] [74]) [75]
Chapter 7.
[76


]
\openout2 = `chapters/chapter07.aux'.

 (./chapters/chapter07.tex) [77

]
Appendix A.
[78


] (./proposal_doc.bbl [79

]
Underfull \hbox (badness 6691) in paragraph at lines 79--84
[]\T1/cmr/m/n/10 Wikipedia con-trib-u-tors, ``Wino-grad schema chal-lenge --- W
ikipedia, the free en-
 []

)
Package atveryend Info: Empty hook `BeforeClearDocument' on input line 150.
 [80]
Package atveryend Info: Empty hook `AfterLastShipout' on input line 150.
 (./proposal_doc.aux (./chapters/abstract.aux) (./chapters/chapter01.aux) (./ch
apters/chapter02.aux) (./chapters/chapter03.aux)
(./chapters/chapter04.aux) (./chapters/chapter05.aux) (./chapters/chapter06.aux
) (./chapters/chapter07.aux))
Package atveryend Info: Executing hook `AtVeryEndDocument' on input line 150.
Package atveryend Info: Executing hook `AtEndAfterFileList' on input line 150.
Package rerunfilecheck Info: File `proposal_doc.out' has not changed.
(rerunfilecheck)             Checksum: 29D507B21BC0DCB3B471A8A1D1D46848;7103.
Package atveryend Info: Empty hook `AtVeryVeryEnd' on input line 150.
 ) 
Here is how much of TeX's memory you used:
 14780 strings out of 483183
 268774 string characters out of 5966292
 530140 words of memory out of 5000000
 29230 multiletter control sequences out of 15000+600000
 559025 words of font info for 96 fonts, out of 8000000 for 9000
 14 hyphenation exceptions out of 8191
 37i,11n,44p,1003b,504s stack positions out of 5000i,500n,10000p,200000b,80000s
{/usr/share/texlive/texmf-dist/fonts/enc/dvips/base/8r.enc} </home/dave/.texl
ive2019/texmf-var/fonts/pk/ljfour/jknappen/ec/tcrm1000.600pk> </home/dave/.texl
ive2019/texmf-var/fonts/pk/ljfour/jknappen/ec/ecti1000.600pk> </home/dave/.texl
ive2019/texmf-var/fonts/pk/ljfour/jknappen/ec/ecrm0700.600pk> </home/dave/.texl
ive2019/texmf-var/fonts/pk/ljfour/jknappen/ec/ecbx1200.600pk> </home/dave/.texl
ive2019/texmf-var/fonts/pk/ljfour/jknappen/ec/ecbx2074.600pk> </home/dave/.texl
ive2019/texmf-var/fonts/pk/ljfour/jknappen/ec/ecbx1000.600pk> </home/dave/.texl
ive2019/texmf-var/fonts/pk/ljfour/jknappen/ec/ecbx2488.600pk> </home/dave/.texl
ive2019/texmf-var/fonts/pk/ljfour/jknappen/ec/ecrm1000.600pk> </home/dave/.texl
ive2019/texmf-var/fonts/pk/ljfour/jknappen/ec/ecbx1440.600pk> </home/dave/.texl
ive2019/texmf-var/fonts/pk/ljfour/jknappen/ec/ecrm1200.600pk> </home/dave/.texl
ive2019/texmf-var/fonts/pk/ljfour/jknappen/ec/ecrm1728.600pk></usr/share/texliv
e/texmf-dist/fonts/type1/public/amsfonts/cm/cmbx10.pfb></usr/share/texlive/texm
f-dist/fonts/type1/public/amsfonts/cm/cmbx12.pfb></usr/share/texlive/texmf-dist
/fonts/type1/public/amsfonts/cm/cmex10.pfb></usr/share/texlive/texmf-dist/fonts
/type1/public/amsfonts/cm/cmmi10.pfb></usr/share/texlive/texmf-dist/fonts/type1
/public/amsfonts/cm/cmmi12.pfb></usr/share/texlive/texmf-dist/fonts/type1/publi
c/amsfonts/cm/cmmi7.pfb></usr/share/texlive/texmf-dist/fonts/type1/public/amsfo
nts/cm/cmmib10.pfb></usr/share/texlive/texmf-dist/fonts/type1/public/amsfonts/c
mextra/cmmib7.pfb></usr/share/texlive/texmf-dist/fonts/type1/public/amsfonts/cm
/cmr10.pfb></usr/share/texlive/texmf-dist/fonts/type1/public/amsfonts/cm/cmr12.
pfb></usr/share/texlive/texmf-dist/fonts/type1/public/amsfonts/cm/cmr7.pfb></us
r/share/texlive/texmf-dist/fonts/type1/public/amsfonts/cm/cmsy10.pfb></usr/shar
e/texlive/texmf-dist/fonts/type1/public/amsfonts/cm/cmsy7.pfb></usr/share/texli
ve/texmf-dist/fonts/type1/public/amsfonts/symbols/msam10.pfb></usr/share/texliv
e/texmf-dist/fonts/type1/public/amsfonts/symbols/msam7.pfb></usr/share/texlive/
texmf-dist/fonts/type1/urw/courier/ucrr8a.pfb>
Output written on proposal_doc.pdf (88 pages, 18641927 bytes).
PDF statistics:
 1614 PDF objects out of 1728 (max. 8388607)
 1019 compressed objects within 11 object streams
 227 named destinations out of 1000 (max. 500000)
 861 words of extra memory for PDF output out of 10000 (max. 10000000)

